560.023611 ; 89663 ; PROC_CREAT ; -Rc 0777 test
560.094013 ; 89663 ; FILE_MODF ; test : 0776 : 0777
560.214028 ; 89663 ; FILE_MODF ; test/file2.txt : 0776 : 0777
560.498269 ; 89664 ; PROC_CREAT ; -Rc 0777 test/data2
560.620569 ; 89664 ; FILE_MODF ; test/data2 : 0776 : 0777
560.749506 ; 89664 ; FILE_MODF ; test/data2/file5.txt : 0776 : 0777
561.027317 ; 89663 ; SIGNAL_RECV ; SIGCHLD
561.066504 ; 89664 ; PROC_EXIT ; 0
561.146345 ; 89663 ; FILE_MODF ; test/file1.txt : 0776 : 0777
561.428887 ; 89665 ; PROC_CREAT ; -Rc 0777 test/data
561.543971 ; 89665 ; FILE_MODF ; test/data : 0776 : 0777
561.658760 ; 89665 ; FILE_MODF ; test/data/file4.txt : 0776 : 0777
561.879201 ; 89666 ; PROC_CREAT ; -Rc 0777 test/data/dd
562.002997 ; 89666 ; FILE_MODF ; test/data/dd : 0776 : 0777
562.136718 ; 89666 ; FILE_MODF ; test/data/dd/file7.txt : 0776 : 0777
562.377113 ; 89665 ; SIGNAL_RECV ; SIGCHLD
562.413084 ; 89666 ; PROC_EXIT ; 0
562.486515 ; 89665 ; FILE_MODF ; test/data/file3.txt : 0776 : 0777
562.730410 ; 89663 ; SIGNAL_RECV ; SIGCHLD
562.772677 ; 89665 ; PROC_EXIT ; 0
